# JRE version: Java(TM) SE Runtime Environment (17.0+35) (build 17+35-LTS-2724)
# Java VM: Java HotSpot(TM) 64-Bit Server VM (17+35-LTS-2724, mixed mode, emulated-client, sharing, tiered, compressed oops, compressed class ptrs, g1 gc, windows-amd64)
GC Precious Log:
 CPUs: 16 total, 16 available
 Memory: 16077M
 Large Page Support: Disabled
 NUMA Support: Disabled
 Compressed Oops: Enabled (Zero based)
 Heap Region Size: 2M
 Heap Min Capacity: 8M
 Heap Initial Capacity: 252M
 Heap Max Capacity: 4020M
 Pre-touch: Disabled
 Parallel Workers: 13
 Concurrent Workers: 3
 Concurrent Refinement Workers: 13
 Periodic GC: Disabled
Heap:
 garbage-first heap   total 69632K, used 23250K [0x0000000704c00000, 0x0000000800000000)
  region size 2048K, 2 young (4096K), 2 survivors (4096K)
 Metaspace       used 41607K, committed 41984K, reserved 1089536K
  class space    used 5564K, committed 5760K, reserved 1048576K
GC Heap History (19 events):
Event: 0.809 GC heap before
{Heap before GC invocations=0 (full 0):
 garbage-first heap   total 258048K, used 20480K [0x0000000704c00000, 0x0000000800000000)
  region size 2048K, 11 young (22528K), 0 survivors (0K)
 Metaspace       used 4647K, committed 4864K, reserved 1056768K
  class space    used 562K, committed 640K, reserved 1048576K
}
Event: 0.817 GC heap after
{Heap after GC invocations=1 (full 0):
 garbage-first heap   total 258048K, used 8469K [0x0000000704c00000, 0x0000000800000000)
  region size 2048K, 2 young (4096K), 2 survivors (4096K)
 Metaspace       used 4647K, committed 4864K, reserved 1056768K
  class space    used 562K, committed 640K, reserved 1048576K
}
Event: 1.346 GC heap before
{Heap before GC invocations=1 (full 0):
 garbage-first heap   total 258048K, used 28949K [0x0000000704c00000, 0x0000000800000000)
  region size 2048K, 12 young (24576K), 2 survivors (4096K)
 Metaspace       used 8932K, committed 9152K, reserved 1064960K
  class space    used 1165K, committed 1280K, reserved 1048576K
}
Event: 1.351 GC heap after
{Heap after GC invocations=2 (full 0):
 garbage-first heap   total 258048K, used 10634K [0x0000000704c00000, 0x0000000800000000)
  region size 2048K, 1 young (2048K), 1 survivors (2048K)
 Metaspace       used 8932K, committed 9152K, reserved 1064960K
  class space    used 1165K, committed 1280K, reserved 1048576K
}
Event: 2.307 GC heap before
{Heap before GC invocations=2 (full 0):
 garbage-first heap   total 258048K, used 61834K [0x0000000704c00000, 0x0000000800000000)
  region size 2048K, 27 young (55296K), 1 survivors (2048K)
 Metaspace       used 17103K, committed 17408K, reserved 1064960K
  class space    used 2357K, committed 2496K, reserved 1048576K
}
Event: 2.313 GC heap after
{Heap after GC invocations=3 (full 0):
 garbage-first heap   total 258048K, used 13331K [0x0000000704c00000, 0x0000000800000000)
  region size 2048K, 3 young (6144K), 3 survivors (6144K)
 Metaspace       used 17103K, committed 17408K, reserved 1064960K
  class space    used 2357K, committed 2496K, reserved 1048576K
}
Event: 2.529 GC heap before
{Heap before GC invocations=3 (full 0):
 garbage-first heap   total 258048K, used 35859K [0x0000000704c00000, 0x0000000800000000)
  region size 2048K, 15 young (30720K), 3 survivors (6144K)
 Metaspace       used 21211K, committed 21504K, reserved 1073152K
  class space    used 2829K, committed 3008K, reserved 1048576K
}
Event: 2.535 GC heap after
{Heap after GC invocations=4 (full 0):
 garbage-first heap   total 258048K, used 15263K [0x0000000704c00000, 0x0000000800000000)
  region size 2048K, 4 young (8192K), 4 survivors (8192K)
 Metaspace       used 21211K, committed 21504K, reserved 1073152K
  class space    used 2829K, committed 3008K, reserved 1048576K
}
Event: 3.179 GC heap before
{Heap before GC invocations=5 (full 0):
 garbage-first heap   total 69632K, used 48031K [0x0000000704c00000, 0x0000000800000000)
  region size 2048K, 20 young (40960K), 4 survivors (8192K)
 Metaspace       used 24660K, committed 24960K, reserved 1073152K
  class space    used 3364K, committed 3520K, reserved 1048576K
}
Event: 3.188 GC heap after
{Heap after GC invocations=6 (full 0):
 garbage-first heap   total 69632K, used 16708K [0x0000000704c00000, 0x0000000800000000)
  region size 2048K, 2 young (4096K), 2 survivors (4096K)
 Metaspace       used 24660K, committed 24960K, reserved 1073152K
  class space    used 3364K, committed 3520K, reserved 1048576K
}
Event: 3.241 GC heap before
{Heap before GC invocations=6 (full 0):
 garbage-first heap   total 69632K, used 18756K [0x0000000704c00000, 0x0000000800000000)
  region size 2048K, 3 young (6144K), 2 survivors (4096K)
 Metaspace       used 25149K, committed 25472K, reserved 1073152K
  class space    used 3423K, committed 3584K, reserved 1048576K
}
Event: 3.247 GC heap after
{Heap after GC invocations=7 (full 0):
 garbage-first heap   total 69632K, used 17159K [0x0000000704c00000, 0x0000000800000000)
  region size 2048K, 1 young (2048K), 1 survivors (2048K)
 Metaspace       used 25149K, committed 25472K, reserved 1073152K
  class space    used 3423K, committed 3584K, reserved 1048576K
}
Event: 4.091 GC heap before
{Heap before GC invocations=7 (full 0):
 garbage-first heap   total 69632K, used 43783K [0x0000000704c00000, 0x0000000800000000)
  region size 2048K, 15 young (30720K), 1 survivors (2048K)
 Metaspace       used 31171K, committed 31488K, reserved 1081344K
  class space    used 4160K, committed 4352K, reserved 1048576K
}
Event: 4.098 GC heap after
{Heap after GC invocations=8 (full 0):
 garbage-first heap   total 69632K, used 18034K [0x0000000704c00000, 0x0000000800000000)
  region size 2048K, 1 young (2048K), 1 survivors (2048K)
 Metaspace       used 31171K, committed 31488K, reserved 1081344K
  class space    used 4160K, committed 4352K, reserved 1048576K
}
Event: 4.825 GC heap before
{Heap before GC invocations=8 (full 0):
 garbage-first heap   total 69632K, used 40562K [0x0000000704c00000, 0x0000000800000000)
  region size 2048K, 13 young (26624K), 1 survivors (2048K)
 Metaspace       used 35781K, committed 36096K, reserved 1081344K
  class space    used 4762K, committed 4928K, reserved 1048576K
}
Event: 4.829 GC heap after
{Heap after GC invocations=9 (full 0):
 garbage-first heap   total 69632K, used 19547K [0x0000000704c00000, 0x0000000800000000)
  region size 2048K, 2 young (4096K), 2 survivors (4096K)
 Metaspace       used 35781K, committed 36096K, reserved 1081344K
  class space    used 4762K, committed 4928K, reserved 1048576K
}
Event: 5.256 GC heap before
{Heap before GC invocations=10 (full 0):
 garbage-first heap   total 69632K, used 48219K [0x0000000704c00000, 0x0000000800000000)
  region size 2048K, 17 young (34816K), 2 survivors (4096K)
 Metaspace       used 38463K, committed 38848K, reserved 1089536K
  class space    used 5120K, committed 5312K, reserved 1048576K
}
Event: 5.265 GC heap after
{Heap after GC invocations=11 (full 0):
 garbage-first heap   total 69632K, used 21730K [0x0000000704c00000, 0x0000000800000000)
  region size 2048K, 3 young (6144K), 3 survivors (6144K)
 Metaspace       used 38463K, committed 38848K, reserved 1089536K
  class space    used 5120K, committed 5312K, reserved 1048576K
}
Event: 5.773 GC heap before
{Heap before GC invocations=11 (full 0):
 garbage-first heap   total 69632K, used 48354K [0x0000000704c00000, 0x0000000800000000)
  region size 2048K, 17 young (34816K), 3 survivors (6144K)
 Metaspace       used 41607K, committed 41984K, reserved 1089536K
  class space    used 5564K, committed 5760K, reserved 1048576K
}

